This file contains any messages produced by compilers while
running configure, to aid debugging if configure makes a mistake.

It was created by tinyos-tools configure 1.2.4, which was
generated by GNU Autoconf 2.67.  Invocation command line was

  $ ./configure 

## --------- ##
## Platform. ##
## --------- ##

hostname = whitedevil
uname -m = i686
uname -r = 2.6.35-23-generic
uname -s = Linux
uname -v = #41-Ubuntu SMP Wed Nov 24 10:18:49 UTC 2010

/usr/bin/uname -p = unknown
/bin/uname -X     = unknown

/bin/arch              = unknown
/usr/bin/arch -k       = unknown
/usr/convex/getsysinfo = unknown
/usr/bin/hostinfo      = unknown
/bin/machine           = unknown
/usr/bin/oslevel       = unknown
/bin/universe          = unknown

PATH: /usr/local/sbin
PATH: /usr/local/bin
PATH: /usr/sbin
PATH: /usr/bin
PATH: /sbin
PATH: /bin
PATH: /usr/games


## ----------- ##
## Core tests. ##
## ----------- ##

configure:1872: checking for a BSD-compatible install
configure:1940: result: /usr/bin/install -c
configure:1951: checking whether build environment is sane
configure:2001: result: yes
configure:2142: checking for a thread-safe mkdir -p
configure:2181: result: /bin/mkdir -p
configure:2194: checking for gawk
configure:2210: found /usr/bin/gawk
configure:2221: result: gawk
configure:2232: checking whether make sets $(MAKE)
configure:2254: result: yes
configure:2338: checking build system type
configure:2352: result: i686-pc-linux-gnu
configure:2372: checking host system type
configure:2385: result: i686-pc-linux-gnu
configure:2454: checking for gcc
configure:2470: found /usr/bin/gcc
configure:2481: result: gcc
configure:2710: checking for C compiler version
configure:2719: gcc --version >&5
gcc (Ubuntu/Linaro 4.4.4-14ubuntu5) 4.4.5
Copyright (C) 2010 Free Software Foundation, Inc.
This is free software; see the source for copying conditions.  There is NO
warranty; not even for MERCHANTABILITY or FITNESS FOR A PARTICULAR PURPOSE.

configure:2730: $? = 0
configure:2719: gcc -v >&5
Using built-in specs.
Target: i686-linux-gnu
Configured with: ../src/configure -v --with-pkgversion='Ubuntu/Linaro 4.4.4-14ubuntu5' --with-bugurl=file:///usr/share/doc/gcc-4.4/README.Bugs --enable-languages=c,c++,fortran,objc,obj-c++ --prefix=/usr --program-suffix=-4.4 --enable-shared --enable-multiarch --enable-linker-build-id --with-system-zlib --libexecdir=/usr/lib --without-included-gettext --enable-threads=posix --with-gxx-include-dir=/usr/include/c++/4.4 --libdir=/usr/lib --enable-nls --with-sysroot=/ --enable-clocale=gnu --enable-libstdcxx-debug --enable-objc-gc --enable-targets=all --disable-werror --with-arch-32=i686 --with-tune=generic --enable-checking=release --build=i686-linux-gnu --host=i686-linux-gnu --target=i686-linux-gnu
Thread model: posix
gcc version 4.4.5 (Ubuntu/Linaro 4.4.4-14ubuntu5) 
configure:2730: $? = 0
configure:2719: gcc -V >&5
gcc: '-V' option must have argument
configure:2730: $? = 1
configure:2719: gcc -qversion >&5
gcc: unrecognized option '-qversion'
gcc: no input files
configure:2730: $? = 1
configure:2750: checking whether the C compiler works
configure:2772: gcc    conftest.c  >&5
configure:2776: $? = 0
configure:2824: result: yes
configure:2827: checking for C compiler default output file name
configure:2829: result: a.out
configure:2835: checking for suffix of executables
configure:2842: gcc -o conftest    conftest.c  >&5
configure:2846: $? = 0
configure:2868: result: 
configure:2890: checking whether we are cross compiling
configure:2898: gcc -o conftest    conftest.c  >&5
configure:2902: $? = 0
configure:2909: ./conftest
configure:2913: $? = 0
configure:2928: result: no
configure:2933: checking for suffix of object files
configure:2955: gcc -c   conftest.c >&5
configure:2959: $? = 0
configure:2980: result: o
configure:2984: checking whether we are using the GNU C compiler
configure:3003: gcc -c   conftest.c >&5
configure:3003: $? = 0
configure:3012: result: yes
configure:3021: checking whether gcc accepts -g
configure:3041: gcc -c -g  conftest.c >&5
configure:3041: $? = 0
configure:3082: result: yes
configure:3099: checking for gcc option to accept ISO C89
configure:3163: gcc  -c -g -O2  conftest.c >&5
configure:3163: $? = 0
configure:3176: result: none needed
configure:3207: checking for style of include used by make
configure:3235: result: GNU
configure:3260: checking dependency style of gcc
configure:3370: result: gcc3
configure:3443: checking for g++
configure:3459: found /usr/bin/g++
configure:3470: result: g++
configure:3497: checking for C++ compiler version
configure:3506: g++ --version >&5
g++ (Ubuntu/Linaro 4.4.4-14ubuntu5) 4.4.5
Copyright (C) 2010 Free Software Foundation, Inc.
This is free software; see the source for copying conditions.  There is NO
warranty; not even for MERCHANTABILITY or FITNESS FOR A PARTICULAR PURPOSE.

configure:3517: $? = 0
configure:3506: g++ -v >&5
Using built-in specs.
Target: i686-linux-gnu
Configured with: ../src/configure -v --with-pkgversion='Ubuntu/Linaro 4.4.4-14ubuntu5' --with-bugurl=file:///usr/share/doc/gcc-4.4/README.Bugs --enable-languages=c,c++,fortran,objc,obj-c++ --prefix=/usr --program-suffix=-4.4 --enable-shared --enable-multiarch --enable-linker-build-id --with-system-zlib --libexecdir=/usr/lib --without-included-gettext --enable-threads=posix --with-gxx-include-dir=/usr/include/c++/4.4 --libdir=/usr/lib --enable-nls --with-sysroot=/ --enable-clocale=gnu --enable-libstdcxx-debug --enable-objc-gc --enable-targets=all --disable-werror --with-arch-32=i686 --with-tune=generic --enable-checking=release --build=i686-linux-gnu --host=i686-linux-gnu --target=i686-linux-gnu
Thread model: posix
gcc version 4.4.5 (Ubuntu/Linaro 4.4.4-14ubuntu5) 
configure:3517: $? = 0
configure:3506: g++ -V >&5
g++: '-V' option must have argument
configure:3517: $? = 1
configure:3506: g++ -qversion >&5
g++: unrecognized option '-qversion'
g++: no input files
configure:3517: $? = 1
configure:3521: checking whether we are using the GNU C++ compiler
configure:3540: g++ -c   conftest.cpp >&5
configure:3540: $? = 0
configure:3549: result: yes
configure:3558: checking whether g++ accepts -g
configure:3578: g++ -c -g  conftest.cpp >&5
configure:3578: $? = 0
configure:3619: result: yes
configure:3644: checking dependency style of g++
configure:3754: result: gcc3
configure:3812: checking for ranlib
configure:3828: found /usr/bin/ranlib
configure:3839: result: ranlib
configure:3864: checking for perl
configure:3882: found /usr/bin/perl
configure:3894: result: /usr/bin/perl
configure:3908: checking for python
configure:3926: found /usr/bin/python
configure:3938: result: /usr/bin/python
configure:3953: checking for nescc
configure:3971: found /usr/bin/nescc
configure:3983: result: /usr/bin/nescc
configure:4006: Default ncc build target is mica
configure:4008: ...but using a tos/.default-platform file is a better choice
configure:4024: TinyOS directory is /opt/tinyos-2.1.1/tos
configure:4028: checking for cygwin
configure:4054: result: no
configure:4075: checking for JDK location
configure:4082: result: /usr/lib/jvm/java-6-sun
configure:4275: creating ./config.status

## ---------------------- ##
## Running config.status. ##
## ---------------------- ##

This file was extended by tinyos-tools config.status 1.2.4, which was
generated by GNU Autoconf 2.67.  Invocation command line was

  CONFIG_FILES    = 
  CONFIG_HEADERS  = 
  CONFIG_LINKS    = 
  CONFIG_COMMANDS = 
  $ ./config.status 

on whitedevil

config.status:837: creating Makefile
config.status:837: creating platforms/Makefile
config.status:837: creating platforms/mica/Makefile
config.status:837: creating platforms/mica/cc1000-channelgen/Makefile
config.status:837: creating platforms/msp430/Makefile
config.status:837: creating platforms/msp430/motelist/Makefile
config.status:837: creating platforms/msp430/pybsl/Makefile
config.status:837: creating platforms/msp430/pybsl/tos-bsl.1
config.status:837: creating platforms/msp430/pybsl/serial/Makefile
config.status:837: creating tinyos/Makefile
config.status:837: creating tinyos/java/Makefile
config.status:837: creating tinyos/java/env/Makefile
config.status:837: creating tinyos/java/serial/Makefile
config.status:837: creating tinyos/misc/tos-ident-flags
config.status:837: creating tinyos/misc/tos-install-jni
config.status:837: creating tinyos/misc/tos-set-symbols
config.status:837: creating tinyos/misc/tos-write-buildinfo
config.status:837: creating tinyos/misc/tos-write-image
config.status:837: creating tinyos/misc/tos-storage-at45db
config.status:837: creating tinyos/misc/tos-storage-stm25p
config.status:837: creating tinyos/misc/tos-storage-pxa27xp30
config.status:837: creating tinyos/misc/Makefile
config.status:837: creating tinyos/ncc/Makefile
config.status:837: creating tinyos/ncc/mig
config.status:837: creating tinyos/ncc/ncc
config.status:837: creating tinyos/ncc/ncg
config.status:837: creating tinyos/ncc/nesdoc
config.status:837: creating tinyos/ncc/nesdoc-py/Makefile
config.status:837: creating tinyos/tosthreads/Makefile
config.status:837: creating tinyos/safe/Makefile
config.status:1008: executing depfiles commands
configure:5509: === configuring in platforms/mica/uisp (/opt/tinyos-2.1.1/tools/platforms/mica/uisp)
configure:5572: running /bin/bash ./configure --disable-option-checking '--prefix=/usr/local'  --cache-file=/dev/null --srcdir=.
configure:5577: error: ./configure failed for platforms/mica/uisp

## ---------------- ##
## Cache variables. ##
## ---------------- ##

ac_cv_build=i686-pc-linux-gnu
ac_cv_c_compiler_gnu=yes
ac_cv_cxx_compiler_gnu=yes
ac_cv_env_CCC_set=
ac_cv_env_CCC_value=
ac_cv_env_CC_set=
ac_cv_env_CC_value=
ac_cv_env_CFLAGS_set=
ac_cv_env_CFLAGS_value=
ac_cv_env_CPPFLAGS_set=
ac_cv_env_CPPFLAGS_value=
ac_cv_env_CXXFLAGS_set=
ac_cv_env_CXXFLAGS_value=
ac_cv_env_CXX_set=
ac_cv_env_CXX_value=
ac_cv_env_LDFLAGS_set=
ac_cv_env_LDFLAGS_value=
ac_cv_env_LIBS_set=
ac_cv_env_LIBS_value=
ac_cv_env_build_alias_set=
ac_cv_env_build_alias_value=
ac_cv_env_host_alias_set=
ac_cv_env_host_alias_value=
ac_cv_env_target_alias_set=
ac_cv_env_target_alias_value=
ac_cv_host=i686-pc-linux-gnu
ac_cv_objext=o
ac_cv_path_install='/usr/bin/install -c'
ac_cv_path_mkdir=/bin/mkdir
ac_cv_path_pathnescc=/usr/bin/nescc
ac_cv_path_pathperl=/usr/bin/perl
ac_cv_path_pathpython=/usr/bin/python
ac_cv_prog_AWK=gawk
ac_cv_prog_ac_ct_CC=gcc
ac_cv_prog_ac_ct_CXX=g++
ac_cv_prog_ac_ct_RANLIB=ranlib
ac_cv_prog_cc_c89=
ac_cv_prog_cc_g=yes
ac_cv_prog_cxx_g=yes
ac_cv_prog_make_make_set=yes
am_cv_CC_dependencies_compiler_type=gcc3
am_cv_CXX_dependencies_compiler_type=gcc3

## ----------------- ##
## Output variables. ##
## ----------------- ##

ACLOCAL='${SHELL} /opt/tinyos-2.1.1/tools/config-aux/missing --run aclocal-1.11'
AMDEPBACKSLASH='\'
AMDEP_FALSE='#'
AMDEP_TRUE=''
AMTAR='${SHELL} /opt/tinyos-2.1.1/tools/config-aux/missing --run tar'
AUTOCONF='${SHELL} /opt/tinyos-2.1.1/tools/config-aux/missing --run autoconf'
AUTOHEADER='${SHELL} /opt/tinyos-2.1.1/tools/config-aux/missing --run autoheader'
AUTOMAKE='${SHELL} /opt/tinyos-2.1.1/tools/config-aux/missing --run automake-1.11'
AWK='gawk'
CC='gcc'
CCDEPMODE='depmode=gcc3'
CFLAGS='-g -O2'
CPPFLAGS=''
CXX='g++'
CXXDEPMODE='depmode=gcc3'
CXXFLAGS='-g -O2'
CYGPATH_W='echo'
CYGWIN_FALSE=''
CYGWIN_TRUE='#'
DARWIN_FALSE=''
DARWIN_TRUE='#'
DEFS='-DPACKAGE_NAME=\"tinyos-tools\" -DPACKAGE_TARNAME=\"tinyos-tools\" -DPACKAGE_VERSION=\"1.2.4\" -DPACKAGE_STRING=\"tinyos-tools\ 1.2.4\" -DPACKAGE_BUGREPORT=\"\" -DPACKAGE_URL=\"\" -DPACKAGE=\"tinyos-tools\" -DVERSION=\"1.2.4\"'
DEPDIR='.deps'
ECHO_C=''
ECHO_N='-n'
ECHO_T=''
EXEEXT=''
GETENVLIB='libgetenv-32.so libgetenv-64.so '
INSTALLJNI='install'
INSTALL_DATA='${INSTALL} -m 644'
INSTALL_PROGRAM='${INSTALL}'
INSTALL_SCRIPT='${INSTALL}'
INSTALL_STRIP_PROGRAM='$(install_sh) -c -s'
JDK='/usr/lib/jvm/java-6-sun'
JNIPREFIX='lib'
JNISUFFIX='so'
LDFLAGS=''
LIBOBJS=''
LIBS=''
LTLIBOBJS=''
MAKEINFO='${SHELL} /opt/tinyos-2.1.1/tools/config-aux/missing --run makeinfo'
MKDIR_P='/bin/mkdir -p'
OBJEXT='o'
PACKAGE='tinyos-tools'
PACKAGE_BUGREPORT=''
PACKAGE_NAME='tinyos-tools'
PACKAGE_STRING='tinyos-tools 1.2.4'
PACKAGE_TARNAME='tinyos-tools'
PACKAGE_URL=''
PACKAGE_VERSION='1.2.4'
PATH_SEPARATOR=':'
RANLIB='ranlib'
SET_MAKE=''
SHELL='/bin/bash'
STRIP=''
TOSCOMMLIB='libtoscomm-32.so libtoscomm-64.so '
TOSDIR='/opt/tinyos-2.1.1/tos'
VERSION='1.2.4'
ac_ct_CC='gcc'
ac_ct_CXX='g++'
am__EXEEXT_FALSE=''
am__EXEEXT_TRUE='#'
am__fastdepCC_FALSE='#'
am__fastdepCC_TRUE=''
am__fastdepCXX_FALSE='#'
am__fastdepCXX_TRUE=''
am__include='include'
am__isrc=''
am__leading_dot='.'
am__quote=''
am__tar='${AMTAR} chof - "$$tardir"'
am__untar='${AMTAR} xf -'
bindir='${exec_prefix}/bin'
build='i686-pc-linux-gnu'
build_alias=''
build_cpu='i686'
build_os='linux-gnu'
build_vendor='pc'
datadir='${datarootdir}'
datarootdir='${prefix}/share'
default_target='mica'
docdir='${datarootdir}/doc/${PACKAGE_TARNAME}'
dvidir='${docdir}'
exec_prefix='${prefix}'
host='i686-pc-linux-gnu'
host_alias=''
host_cpu='i686'
host_os='linux-gnu'
host_vendor='pc'
htmldir='${docdir}'
includedir='${prefix}/include'
infodir='${datarootdir}/info'
install_sh='${SHELL} /opt/tinyos-2.1.1/tools/config-aux/install-sh'
libdir='${exec_prefix}/lib'
libexecdir='${exec_prefix}/libexec'
localedir='${datarootdir}/locale'
localstatedir='${prefix}/var'
mandir='${datarootdir}/man'
mkdir_p='/bin/mkdir -p'
nescc_prefix='/usr'
oldincludedir='/usr/include'
pathnescc='/usr/bin/nescc'
pathperl='/usr/bin/perl'
pathpython='/usr/bin/python'
pdfdir='${docdir}'
prefix='/usr/local'
program_transform_name='s,x,x,'
psdir='${docdir}'
sbindir='${exec_prefix}/sbin'
sharedstatedir='${prefix}/com'
subdirs=' platforms/mica/uisp'
sysconfdir='${prefix}/etc'
target_alias=''

configure: exit 1
